<?xml version="1.0" encoding="UTF-8"?>
<!-- Generated by org.testng.reporters.JUnitReportReporter -->
<testsuite hostname="DESKTOP-LMKUKFJ" failures="0" tests="1" name="GB_APP.TestRunner.Run" time="18.796" errors="0" timestamp="2024-09-03T15:12:27 IST" skipped="0">
  <testcase classname="GB_APP.TestRunner.Run" name="runScenario" time="18.796"/>
  <system-out/>
</testsuite> <!-- GB_APP.TestRunner.Run -->
